<?xml version="1.0" encoding="UTF-8"?>
<!-- Generated by org.testng.reporters.JUnitReportReporter -->
<testsuite skipped="0" hostname="DESKTOP-0S344VJ" name="test.Scenariotestngtest" tests="1" failures="0" timestamp="2022-04-01T10:39:28 EDT" time="3.448" errors="0">
  <testcase name="testingscenarios" time="3.448" classname="test.Scenariotestngtest"/>
  <system-out/>
</testsuite> <!-- test.Scenariotestngtest -->
