<?xml version="1.0" encoding="UTF-8"?>
<!-- Generated by org.testng.reporters.JUnitReportReporter -->
<testsuite skipped="0" hostname="DESKTOP-0S344VJ" name="test.Scenario2testngtest" tests="1" failures="0" timestamp="2022-04-01T11:39:32 EDT" time="3.953" errors="0">
  <testcase name="test" time="3.953" classname="test.Scenario2testngtest"/>
  <system-out/>
</testsuite> <!-- test.Scenario2testngtest -->
