<?xml version="1.0" encoding="UTF-8"?>
<!-- Generated by org.testng.reporters.JUnitReportReporter -->
<testsuite skipped="0" hostname="DESKTOP-0S344VJ" name="test.Scenario3test" tests="1" failures="0" timestamp="2022-04-01T10:51:06 EDT" time="6.135" errors="0">
  <testcase name="testingscenarios" time="6.135" classname="test.Scenario3test"/>
  <system-out/>
</testsuite> <!-- test.Scenario3test -->
